<?xml version="1.0" encoding="UTF-8"?>
<testng-results skipped="0" failed="0" total="1" passed="1">
  <reporter-output>
  </reporter-output>
  <suite name="Default suite" duration-ms="29281" started-at="2018-01-31T14:46:38Z" finished-at="2018-01-31T14:47:07Z">
    <groups>
    </groups>
    <test name="Default test" duration-ms="29281" started-at="2018-01-31T14:46:38Z" finished-at="2018-01-31T14:47:07Z">
      <class name="projScripts.Flight_Booking">
        <test-method status="PASS" signature="launchApp()[pri:0, instance:projScripts.Flight_Booking@3884b2]" name="launchApp" is-config="true" duration-ms="8811" started-at="2018-01-31T20:16:38Z" finished-at="2018-01-31T20:16:47Z">
          <reporter-output>
          </reporter-output>
        </test-method> <!-- launchApp -->
        <test-method status="PASS" signature="testFlightBook(java.util.Map)[pri:0, instance:projScripts.Flight_Booking@3884b2]" name="testFlightBook" duration-ms="19466" started-at="2018-01-31T20:16:47Z" data-provider="dp_Booking" finished-at="2018-01-31T20:17:06Z">
          <params>
            <param index="0">
              <value>
                <![CDATA[{Order=1.0, Firstname=Naveen, Uname=mercury, TC_ID=TC_01, Execute=Y, Lastname=Xavier, SuccessMSG=Your itinerary has been booked!, Pwd=mercury, Cardnumber=1.23456789E8, Scenario=Flight_Booking}]]>
              </value>
            </param>
          </params>
          <reporter-output>
          </reporter-output>
        </test-method> <!-- testFlightBook -->
        <test-method status="PASS" signature="tearDown()[pri:0, instance:projScripts.Flight_Booking@3884b2]" name="tearDown" is-config="true" duration-ms="444" started-at="2018-01-31T20:17:06Z" finished-at="2018-01-31T20:17:07Z">
          <reporter-output>
          </reporter-output>
        </test-method> <!-- tearDown -->
      </class> <!-- projScripts.Flight_Booking -->
    </test> <!-- Default test -->
  </suite> <!-- Default suite -->
</testng-results>
